<?xml version="1.0" encoding="UTF-8"?>
<TestRun id="c01013a1-9e29-4c02-ab21-abbbd1f118a5" name="p-oscbui@PUBCO-P-OSCBUI 2012-11-06 10:39:27" runUser="CARVAJAL\p-oscbui" xmlns="http://microsoft.com/schemas/VisualStudio/TeamTest/2010">
  <TestSettings name="Local" id="905ff812-2791-4580-af9d-ec61e00e7dd0">
    <Description>Esta es la configuración de pruebas predeterminada para una ejecución de pruebas local.</Description>
    <Deployment userDeploymentRoot="C:\Users\p-oscbui\Documents\Visual Studio 2010\Projects\LauncherVerifier\TestResults" useDefaultDeploymentRoot="false" enabled="false" runDeploymentRoot="p-oscbui_PUBCO-P-OSCBUI 2012-11-06 10_39_27">
      <DeploymentItem filename="C:\Users\p-oscbui\Documents\Visual Studio 2010\Projects\LauncherVerifier\LauncherVerifier.Models\bin\Debug\LauncherVerifier.Models.dll" />
      <DeploymentItem filename="C:\Users\p-oscbui\Documents\Visual Studio 2010\Projects\LauncherVerifier\LauncherVerifier.XML\bin\Debug\LauncherVerifier.XML.dll" />
    </Deployment>
    <Execution>
      <TestTypeSpecific />
      <AgentRule name="Execution Agents">
      </AgentRule>
    </Execution>
  </TestSettings>
  <Times creation="2012-11-06T10:39:27.2037321-05:00" queuing="2012-11-06T10:39:28.1599833-05:00" start="2012-11-06T10:39:28.2688249-05:00" finish="2012-11-06T11:20:42.9896959-05:00" />
  <ResultSummary outcome="Failed">
    <Counters total="1" executed="1" error="0" failed="1" timeout="0" aborted="0" inconclusive="0" passedButRunAborted="0" notRunnable="0" notExecuted="0" disconnected="0" warning="0" passed="0" completed="0" inProgress="0" pending="0" />
  </ResultSummary>
  <TestDefinitions>
    <UnitTest name="GetSummaryTest" storage="c:\users\p-oscbui\documents\visual studio 2010\projects\launcherverifier\launcher.test\bin\debug\launcher.test.dll" id="b6558e66-1eb6-e130-d6e2-48c2754cb65f">
      <Execution id="a09416f9-6798-4025-a966-e29e76fac8d8" />
      <TestMethod codeBase="C:/Users/p-oscbui/Documents/Visual Studio 2010/Projects/LauncherVerifier/Launcher.test/bin/Debug/Launcher.test.DLL" adapterTypeName="Microsoft.VisualStudio.TestTools.TestTypes.Unit.UnitTestAdapter, Microsoft.VisualStudio.QualityTools.Tips.UnitTest.Adapter, Version=10.0.0.0, Culture=neutral, PublicKeyToken=b03f5f7f11d50a3a" className="Launcher.test.ReaderXMLTest, Launcher.test, Version=1.0.0.0, Culture=neutral, PublicKeyToken=null" name="GetSummaryTest" />
    </UnitTest>
  </TestDefinitions>
  <TestLists>
    <TestList name="Resultados que no están en la lista" id="8c84fa94-04c1-424b-9868-57a2d4851a1d" />
    <TestList name="Todos los resultados cargados" id="19431567-8539-422a-85d7-44ee4e166bda" />
  </TestLists>
  <TestEntries>
    <TestEntry testId="b6558e66-1eb6-e130-d6e2-48c2754cb65f" executionId="a09416f9-6798-4025-a966-e29e76fac8d8" testListId="8c84fa94-04c1-424b-9868-57a2d4851a1d" />
  </TestEntries>
  <Results>
    <UnitTestResult executionId="a09416f9-6798-4025-a966-e29e76fac8d8" testId="b6558e66-1eb6-e130-d6e2-48c2754cb65f" testName="GetSummaryTest" computerName="PUBCO-P-OSCBUI" duration="00:41:24.9394538" startTime="2012-11-06T10:39:28.3718357-05:00" endTime="2012-11-06T11:20:42.1757554-05:00" testType="13cdc9d9-ddb5-4fa4-a97d-d965ccfc6d4b" outcome="Failed" testListId="8c84fa94-04c1-424b-9868-57a2d4851a1d" relativeResultsDirectory="a09416f9-6798-4025-a966-e29e76fac8d8">
      <Output>
        <ErrorInfo>
          <Message>El método de prueba Launcher.test.ReaderXMLTest.GetSummaryTest produjo la excepción: 
System.InvalidOperationException: XmlReader no debe estar en un nodo del tipo EndElement.</Message>
          <StackTrace>    en System.Xml.Linq.XNode.ReadFrom(XmlReader reader)
   en LauncherVerifier.XML.ReaderXML.&lt;SimpleStreamAxis&gt;d__0.MoveNext() en C:\Users\p-oscbui\Documents\Visual Studio 2010\Projects\LauncherVerifier\LauncherVerifier.XML\ReaderXML.cs:línea 27
   en System.Collections.Generic.List`1..ctor(IEnumerable`1 collection)
   en System.Linq.Enumerable.ToList[TSource](IEnumerable`1 source)
   en LauncherVerifier.XML.ReaderXML.GetSummary(String File) en C:\Users\p-oscbui\Documents\Visual Studio 2010\Projects\LauncherVerifier\LauncherVerifier.XML\ReaderXML.cs:línea 56
   en Launcher.test.ReaderXMLTest.GetSummaryTest() en C:\Users\p-oscbui\Documents\Visual Studio 2010\Projects\LauncherVerifier\Launcher.test\ReaderXMLTest.cs:línea 78
</StackTrace>
        </ErrorInfo>
      </Output>
    </UnitTestResult>
  </Results>
</TestRun>