<?xml version="1.0" encoding="UTF-8"?>
<TestRun id="c0681d0d-5ab0-456a-90fc-0e5c32fcc6d0" name="p-oscbui@PUBCO-P-OSCBUI 2013-04-24 11:05:39" runUser="CARVAJAL\p-oscbui" xmlns="http://microsoft.com/schemas/VisualStudio/TeamTest/2010">
  <TestSettings name="Local" id="905ff812-2791-4580-af9d-ec61e00e7dd0">
    <Description>Esta es la configuración de pruebas predeterminada para una ejecución de pruebas local.</Description>
    <Deployment enabled="false" runDeploymentRoot="p-oscbui_PUBCO-P-OSCBUI 2013-04-24 11_05_39">
      <DeploymentItem filename="C:\Users\p-oscbui\Documents\Visual Studio 2010\Projects\LauncherVerifier\LauncherVerifier.Models\bin\Debug\LauncherVerifier.Models.dll" />
      <DeploymentItem filename="C:\Users\p-oscbui\Documents\Visual Studio 2010\Projects\LauncherVerifier\LauncherVerifier.XML\bin\Debug\LauncherVerifier.XML.dll" />
    </Deployment>
    <Execution>
      <TestTypeSpecific />
      <AgentRule name="Execution Agents">
      </AgentRule>
    </Execution>
  </TestSettings>
  <Times creation="2013-04-24T11:05:39.3784533-05:00" queuing="2013-04-24T11:05:40.6221975-05:00" start="2013-04-24T11:05:40.8389331-05:00" finish="2013-04-24T11:06:25.7916861-05:00" />
  <ResultSummary outcome="Error">
    <Counters total="1" executed="1" error="0" failed="0" timeout="0" aborted="1" inconclusive="0" passedButRunAborted="0" notRunnable="0" notExecuted="0" disconnected="0" warning="0" passed="0" completed="0" inProgress="0" pending="0" />
    <RunInfos>
      <RunInfo computerName="PUBCO-P-OSCBUI" outcome="Error" timestamp="2013-04-24T11:06:25.7906919-05:00">
        <Text>El proceso del host de pruebas terminó inesperadamente.</Text>
      </RunInfo>
    </RunInfos>
  </ResultSummary>
  <TestDefinitions>
    <UnitTest name="GetCompanyTest" storage="c:\users\p-oscbui\documents\visual studio 2010\projects\launcherverifier\launcher.test\bin\debug\launcher.test.dll" id="857833ff-1e07-fa3a-c87e-a4b43b20705e">
      <Execution id="2e5a8b43-30fb-4a11-aaec-88d6b5283573" />
      <TestMethod codeBase="C:/Users/p-oscbui/Documents/Visual Studio 2010/Projects/LauncherVerifier/Launcher.test/bin/Debug/Launcher.test.DLL" adapterTypeName="Microsoft.VisualStudio.TestTools.TestTypes.Unit.UnitTestAdapter, Microsoft.VisualStudio.QualityTools.Tips.UnitTest.Adapter, Version=10.0.0.0, Culture=neutral, PublicKeyToken=b03f5f7f11d50a3a" className="Launcher.test.IReaderXMLTest, Launcher.test, Version=1.0.0.0, Culture=neutral, PublicKeyToken=null" name="GetCompanyTest" />
    </UnitTest>
  </TestDefinitions>
  <TestLists>
    <TestList name="Resultados que no están en la lista" id="8c84fa94-04c1-424b-9868-57a2d4851a1d" />
    <TestList name="Todos los resultados cargados" id="19431567-8539-422a-85d7-44ee4e166bda" />
  </TestLists>
  <TestEntries>
    <TestEntry testId="857833ff-1e07-fa3a-c87e-a4b43b20705e" executionId="2e5a8b43-30fb-4a11-aaec-88d6b5283573" testListId="8c84fa94-04c1-424b-9868-57a2d4851a1d" />
  </TestEntries>
  <Results>
    <UnitTestResult executionId="2e5a8b43-30fb-4a11-aaec-88d6b5283573" testId="857833ff-1e07-fa3a-c87e-a4b43b20705e" testName="GetCompanyTest" computerName="PUBCO-P-OSCBUI" duration="00:00:44.7936810" startTime="2013-04-24T11:05:40.9980051-05:00" endTime="2013-04-24T11:06:25.7916861-05:00" testType="13cdc9d9-ddb5-4fa4-a97d-d965ccfc6d4b" outcome="Aborted" testListId="8c84fa94-04c1-424b-9868-57a2d4851a1d" relativeResultsDirectory="2e5a8b43-30fb-4a11-aaec-88d6b5283573">
    </UnitTestResult>
  </Results>
</TestRun>