<?xml version="1.0" encoding="UTF-8"?>
<TestRun id="44ae46f1-99ce-47f4-9243-6769b2d61e4e" name="p-oscbui@PUBCO-P-OSCBUI 2013-04-24 11:58:52" runUser="CARVAJAL\p-oscbui" xmlns="http://microsoft.com/schemas/VisualStudio/TeamTest/2010">
  <TestSettings name="Local" id="905ff812-2791-4580-af9d-ec61e00e7dd0">
    <Description>Esta es la configuración de pruebas predeterminada para una ejecución de pruebas local.</Description>
    <Deployment userDeploymentRoot="C:\Users\p-oscbui\Documents\Visual Studio 2010\Projects\LauncherVerifier\TestResults" useDefaultDeploymentRoot="false" enabled="false" runDeploymentRoot="p-oscbui_PUBCO-P-OSCBUI 2013-04-24 11_58_52">
      <DeploymentItem filename="C:\Users\p-oscbui\Documents\Visual Studio 2010\Projects\LauncherVerifier\LauncherVerifier.Models\bin\Debug\LauncherVerifier.Models.dll" />
      <DeploymentItem filename="C:\Users\p-oscbui\Documents\Visual Studio 2010\Projects\LauncherVerifier\LauncherVerifier.XML\bin\Debug\LauncherVerifier.XML.dll" />
    </Deployment>
    <Execution>
      <TestTypeSpecific />
      <AgentRule name="Execution Agents">
      </AgentRule>
    </Execution>
  </TestSettings>
  <Times creation="2013-04-24T11:58:52.4740202-05:00" queuing="2013-04-24T11:58:53.4858908-05:00" start="2013-04-24T11:58:53.6924561-05:00" finish="2013-04-24T12:00:14.2219882-05:00" />
  <ResultSummary outcome="Inconclusive">
    <Counters total="1" executed="1" error="0" failed="0" timeout="0" aborted="0" inconclusive="1" passedButRunAborted="0" notRunnable="0" notExecuted="0" disconnected="0" warning="0" passed="0" completed="0" inProgress="0" pending="0" />
  </ResultSummary>
  <TestDefinitions>
    <UnitTest name="GetCompanyTest" storage="c:\users\p-oscbui\documents\visual studio 2010\projects\launcherverifier\launcher.test\bin\debug\launcher.test.dll" id="857833ff-1e07-fa3a-c87e-a4b43b20705e">
      <Execution id="9e53fdc0-8353-400d-b3b8-f6d2ba56c4a8" />
      <TestMethod codeBase="C:/Users/p-oscbui/Documents/Visual Studio 2010/Projects/LauncherVerifier/Launcher.test/bin/Debug/Launcher.test.DLL" adapterTypeName="Microsoft.VisualStudio.TestTools.TestTypes.Unit.UnitTestAdapter, Microsoft.VisualStudio.QualityTools.Tips.UnitTest.Adapter, Version=10.0.0.0, Culture=neutral, PublicKeyToken=b03f5f7f11d50a3a" className="Launcher.test.IReaderXMLTest, Launcher.test, Version=1.0.0.0, Culture=neutral, PublicKeyToken=null" name="GetCompanyTest" />
    </UnitTest>
  </TestDefinitions>
  <TestLists>
    <TestList name="Resultados que no están en la lista" id="8c84fa94-04c1-424b-9868-57a2d4851a1d" />
    <TestList name="Todos los resultados cargados" id="19431567-8539-422a-85d7-44ee4e166bda" />
  </TestLists>
  <TestEntries>
    <TestEntry testId="857833ff-1e07-fa3a-c87e-a4b43b20705e" executionId="9e53fdc0-8353-400d-b3b8-f6d2ba56c4a8" testListId="8c84fa94-04c1-424b-9868-57a2d4851a1d" />
  </TestEntries>
  <Results>
    <UnitTestResult executionId="9e53fdc0-8353-400d-b3b8-f6d2ba56c4a8" testId="857833ff-1e07-fa3a-c87e-a4b43b20705e" testName="GetCompanyTest" computerName="PUBCO-P-OSCBUI" duration="00:01:19.7923031" startTime="2013-04-24T11:58:53.8281705-05:00" endTime="2013-04-24T12:00:13.8557589-05:00" testType="13cdc9d9-ddb5-4fa4-a97d-d965ccfc6d4b" outcome="Inconclusive" testListId="8c84fa94-04c1-424b-9868-57a2d4851a1d" relativeResultsDirectory="9e53fdc0-8353-400d-b3b8-f6d2ba56c4a8">
      <Output>
        <ErrorInfo>
          <Message>Error de Assert.Inconclusive. Compruebe la exactitud de este método de prueba.</Message>
          <StackTrace>   en Launcher.test.IReaderXMLTest.GetCompanyTest() en C:\Users\p-oscbui\Documents\Visual Studio 2010\Projects\LauncherVerifier\Launcher.test\IReaderXMLTest.cs:línea 89
</StackTrace>
        </ErrorInfo>
      </Output>
    </UnitTestResult>
  </Results>
</TestRun>